2024-02-15T13:36:04.492+05:30  INFO 10864 --- [main] c.m.c.RegistryApplication                : Starting RegistryApplication using Java 17.0.9 with PID 10864 (C:\Users\kushaln\Documents\Cms\cms_eureka_server\target\classes started by kushaln in C:\Users\kushaln\Documents\Cms\cms_eureka_server)
2024-02-15T13:36:04.498+05:30  INFO 10864 --- [main] c.m.c.RegistryApplication                : No active profile set, falling back to 1 default profile: "default"
2024-02-15T13:36:07.213+05:30  INFO 10864 --- [main] o.s.cloud.context.scope.GenericScope     : BeanFactory id=da1a98ce-3472-3259-94ad-5461aea04047
2024-02-15T13:36:07.331+05:30  WARN 10864 --- [main] trationDelegate$BeanPostProcessorChecker : Bean 'org.springframework.cloud.client.loadbalancer.LoadBalancerAutoConfiguration$LoadBalancerInterceptorConfig' of type [org.springframework.cloud.client.loadbalancer.LoadBalancerAutoConfiguration$LoadBalancerInterceptorConfig] is not eligible for getting processed by all BeanPostProcessors (for example: not eligible for auto-proxying). The currently created BeanPostProcessor [lbRestClientPostProcessor] is declared through a non-static factory method on that class; consider declaring it as static instead.
2024-02-15T13:36:07.340+05:30  WARN 10864 --- [main] trationDelegate$BeanPostProcessorChecker : Bean 'org.springframework.cloud.loadbalancer.config.BlockingLoadBalancerClientAutoConfiguration' of type [org.springframework.cloud.loadbalancer.config.BlockingLoadBalancerClientAutoConfiguration] is not eligible for getting processed by all BeanPostProcessors (for example: not eligible for auto-proxying). Is this bean getting eagerly injected into a currently created BeanPostProcessor [lbRestClientPostProcessor]? Check the corresponding BeanPostProcessor declaration and its dependencies.
2024-02-15T13:36:07.344+05:30  WARN 10864 --- [main] trationDelegate$BeanPostProcessorChecker : Bean 'org.springframework.cloud.loadbalancer.config.LoadBalancerAutoConfiguration' of type [org.springframework.cloud.loadbalancer.config.LoadBalancerAutoConfiguration] is not eligible for getting processed by all BeanPostProcessors (for example: not eligible for auto-proxying). Is this bean getting eagerly injected into a currently created BeanPostProcessor [lbRestClientPostProcessor]? Check the corresponding BeanPostProcessor declaration and its dependencies.
2024-02-15T13:36:07.360+05:30  WARN 10864 --- [main] trationDelegate$BeanPostProcessorChecker : Bean 'org.springframework.cloud.commons.config.CommonsConfigAutoConfiguration' of type [org.springframework.cloud.commons.config.CommonsConfigAutoConfiguration] is not eligible for getting processed by all BeanPostProcessors (for example: not eligible for auto-proxying). Is this bean getting eagerly injected into a currently created BeanPostProcessor [lbRestClientPostProcessor]? Check the corresponding BeanPostProcessor declaration and its dependencies.
2024-02-15T13:36:07.365+05:30  WARN 10864 --- [main] trationDelegate$BeanPostProcessorChecker : Bean 'org.springframework.cloud.client.loadbalancer.LoadBalancerDefaultMappingsProviderAutoConfiguration' of type [org.springframework.cloud.client.loadbalancer.LoadBalancerDefaultMappingsProviderAutoConfiguration] is not eligible for getting processed by all BeanPostProcessors (for example: not eligible for auto-proxying). Is this bean getting eagerly injected into a currently created BeanPostProcessor [lbRestClientPostProcessor]? Check the corresponding BeanPostProcessor declaration and its dependencies.
2024-02-15T13:36:07.367+05:30  WARN 10864 --- [main] trationDelegate$BeanPostProcessorChecker : Bean 'loadBalancerClientsDefaultsMappingsProvider' of type [org.springframework.cloud.client.loadbalancer.LoadBalancerDefaultMappingsProviderAutoConfiguration$$Lambda$456/0x000001e792313320] is not eligible for getting processed by all BeanPostProcessors (for example: not eligible for auto-proxying). Is this bean getting eagerly injected into a currently created BeanPostProcessor [lbRestClientPostProcessor]? Check the corresponding BeanPostProcessor declaration and its dependencies.
2024-02-15T13:36:07.369+05:30  WARN 10864 --- [main] trationDelegate$BeanPostProcessorChecker : Bean 'defaultsBindHandlerAdvisor' of type [org.springframework.cloud.commons.config.DefaultsBindHandlerAdvisor] is not eligible for getting processed by all BeanPostProcessors (for example: not eligible for auto-proxying). Is this bean getting eagerly injected into a currently created BeanPostProcessor [lbRestClientPostProcessor]? Check the corresponding BeanPostProcessor declaration and its dependencies.
2024-02-15T13:36:07.518+05:30  WARN 10864 --- [main] trationDelegate$BeanPostProcessorChecker : Bean 'spring.cloud.loadbalancer-org.springframework.cloud.client.loadbalancer.LoadBalancerClientsProperties' of type [org.springframework.cloud.client.loadbalancer.LoadBalancerClientsProperties] is not eligible for getting processed by all BeanPostProcessors (for example: not eligible for auto-proxying). Is this bean getting eagerly injected into a currently created BeanPostProcessor [lbRestClientPostProcessor]? Check the corresponding BeanPostProcessor declaration and its dependencies.
2024-02-15T13:36:07.538+05:30  WARN 10864 --- [main] trationDelegate$BeanPostProcessorChecker : Bean 'default.org.springframework.cloud.loadbalancer.config.LoadBalancerAutoConfiguration.LoadBalancerClientSpecification' of type [org.springframework.cloud.loadbalancer.annotation.LoadBalancerClientSpecification] is not eligible for getting processed by all BeanPostProcessors (for example: not eligible for auto-proxying). Is this bean getting eagerly injected into a currently created BeanPostProcessor [lbRestClientPostProcessor]? Check the corresponding BeanPostProcessor declaration and its dependencies.
2024-02-15T13:36:07.545+05:30  WARN 10864 --- [main] trationDelegate$BeanPostProcessorChecker : Bean 'default.org.springframework.cloud.loadbalancer.config.BlockingLoadBalancerClientAutoConfiguration.LoadBalancerClientSpecification' of type [org.springframework.cloud.loadbalancer.annotation.LoadBalancerClientSpecification] is not eligible for getting processed by all BeanPostProcessors (for example: not eligible for auto-proxying). Is this bean getting eagerly injected into a currently created BeanPostProcessor [lbRestClientPostProcessor]? Check the corresponding BeanPostProcessor declaration and its dependencies.
2024-02-15T13:36:07.549+05:30  WARN 10864 --- [main] trationDelegate$BeanPostProcessorChecker : Bean 'default.org.springframework.cloud.netflix.eureka.loadbalancer.LoadBalancerEurekaAutoConfiguration.LoadBalancerClientSpecification' of type [org.springframework.cloud.loadbalancer.annotation.LoadBalancerClientSpecification] is not eligible for getting processed by all BeanPostProcessors (for example: not eligible for auto-proxying). Is this bean getting eagerly injected into a currently created BeanPostProcessor [lbRestClientPostProcessor]? Check the corresponding BeanPostProcessor declaration and its dependencies.
2024-02-15T13:36:07.553+05:30  WARN 10864 --- [main] trationDelegate$BeanPostProcessorChecker : Bean 'loadBalancerClientFactory' of type [org.springframework.cloud.loadbalancer.support.LoadBalancerClientFactory] is not eligible for getting processed by all BeanPostProcessors (for example: not eligible for auto-proxying). Is this bean getting eagerly injected into a currently created BeanPostProcessor [lbRestClientPostProcessor]? Check the corresponding BeanPostProcessor declaration and its dependencies.
2024-02-15T13:36:07.782+05:30  WARN 10864 --- [main] trationDelegate$BeanPostProcessorChecker : Bean 'blockingLoadBalancerClient' of type [org.springframework.cloud.loadbalancer.blocking.client.BlockingLoadBalancerClient] is not eligible for getting processed by all BeanPostProcessors (for example: not eligible for auto-proxying). Is this bean getting eagerly injected into a currently created BeanPostProcessor [lbRestClientPostProcessor]? Check the corresponding BeanPostProcessor declaration and its dependencies.
2024-02-15T13:36:07.803+05:30  WARN 10864 --- [main] trationDelegate$BeanPostProcessorChecker : Bean 'loadBalancerServiceInstanceCookieTransformer' of type [org.springframework.cloud.loadbalancer.core.LoadBalancerServiceInstanceCookieTransformer] is not eligible for getting processed by all BeanPostProcessors (for example: not eligible for auto-proxying). Is this bean getting eagerly injected into a currently created BeanPostProcessor [lbRestClientPostProcessor]? Check the corresponding BeanPostProcessor declaration and its dependencies.
2024-02-15T13:36:07.805+05:30  WARN 10864 --- [main] trationDelegate$BeanPostProcessorChecker : Bean 'xForwarderHeadersTransformer' of type [org.springframework.cloud.loadbalancer.blocking.XForwardedHeadersTransformer] is not eligible for getting processed by all BeanPostProcessors (for example: not eligible for auto-proxying). Is this bean getting eagerly injected into a currently created BeanPostProcessor [lbRestClientPostProcessor]? Check the corresponding BeanPostProcessor declaration and its dependencies.
2024-02-15T13:36:07.807+05:30  WARN 10864 --- [main] trationDelegate$BeanPostProcessorChecker : Bean 'org.springframework.cloud.client.loadbalancer.LoadBalancerAutoConfiguration' of type [org.springframework.cloud.client.loadbalancer.LoadBalancerAutoConfiguration] is not eligible for getting processed by all BeanPostProcessors (for example: not eligible for auto-proxying). Is this bean getting eagerly injected into a currently created BeanPostProcessor [lbRestClientPostProcessor]? Check the corresponding BeanPostProcessor declaration and its dependencies.
2024-02-15T13:36:07.813+05:30  WARN 10864 --- [main] trationDelegate$BeanPostProcessorChecker : Bean 'loadBalancerRequestFactory' of type [org.springframework.cloud.client.loadbalancer.LoadBalancerRequestFactory] is not eligible for getting processed by all BeanPostProcessors (for example: not eligible for auto-proxying). Is this bean getting eagerly injected into a currently created BeanPostProcessor [lbRestClientPostProcessor]? Check the corresponding BeanPostProcessor declaration and its dependencies.
2024-02-15T13:36:07.816+05:30  WARN 10864 --- [main] trationDelegate$BeanPostProcessorChecker : Bean 'loadBalancerInterceptor' of type [org.springframework.cloud.client.loadbalancer.LoadBalancerInterceptor] is not eligible for getting processed by all BeanPostProcessors (for example: not eligible for auto-proxying). Is this bean getting eagerly injected into a currently created BeanPostProcessor [lbRestClientPostProcessor]? Check the corresponding BeanPostProcessor declaration and its dependencies.
2024-02-15T13:36:08.694+05:30  INFO 10864 --- [main] o.s.b.w.embedded.tomcat.TomcatWebServer  : Tomcat initialized with port 8761 (http)
2024-02-15T13:36:08.778+05:30  INFO 10864 --- [main] o.apache.catalina.core.StandardService   : Starting service [Tomcat]
2024-02-15T13:36:08.780+05:30  INFO 10864 --- [main] o.apache.catalina.core.StandardEngine    : Starting Servlet engine: [Apache Tomcat/10.1.17]
2024-02-15T13:36:09.336+05:30  INFO 10864 --- [main] o.a.c.c.C.[Tomcat].[localhost].[/]       : Initializing Spring embedded WebApplicationContext
2024-02-15T13:36:09.337+05:30  INFO 10864 --- [main] w.s.c.ServletWebServerApplicationContext : Root WebApplicationContext: initialization completed in 4549 ms
2024-02-15T13:36:13.018+05:30  INFO 10864 --- [main] c.n.d.provider.DiscoveryJerseyProvider   : Using JSON encoding codec LegacyJacksonJson
2024-02-15T13:36:13.020+05:30  INFO 10864 --- [main] c.n.d.provider.DiscoveryJerseyProvider   : Using JSON decoding codec LegacyJacksonJson
2024-02-15T13:36:13.849+05:30  INFO 10864 --- [main] c.n.d.provider.DiscoveryJerseyProvider   : Using XML encoding codec XStreamXml
2024-02-15T13:36:13.851+05:30  INFO 10864 --- [main] c.n.d.provider.DiscoveryJerseyProvider   : Using XML decoding codec XStreamXml
2024-02-15T13:36:15.506+05:30  WARN 10864 --- [main] iguration$LoadBalancerCaffeineWarnLogger : Spring Cloud LoadBalancer is currently working with the default cache. While this cache implementation is useful for development and tests, it's recommended to use Caffeine cache in production.You can switch to using Caffeine cache, by adding it and org.springframework.cache.caffeine.CaffeineCacheManager to the classpath.
2024-02-15T13:36:15.544+05:30  INFO 10864 --- [main] o.s.c.n.eureka.InstanceInfoFactory       : Setting initial instance status as: STARTING
2024-02-15T13:36:15.585+05:30  INFO 10864 --- [main] com.netflix.discovery.DiscoveryClient    : Initializing Eureka in region us-east-1
2024-02-15T13:36:15.586+05:30  INFO 10864 --- [main] com.netflix.discovery.DiscoveryClient    : Client configured to neither register nor query for data.
2024-02-15T13:36:15.601+05:30  INFO 10864 --- [main] com.netflix.discovery.DiscoveryClient    : Discovery Client initialized at timestamp 1707984375600 with initial instances count: 0
2024-02-15T13:36:15.661+05:30  INFO 10864 --- [main] c.n.eureka.DefaultEurekaServerContext    : Initializing ...
2024-02-15T13:36:15.665+05:30  INFO 10864 --- [main] c.n.eureka.cluster.PeerEurekaNodes       : Adding new peer nodes [http://localhost:8761/eureka/]
2024-02-15T13:36:15.847+05:30  INFO 10864 --- [main] c.n.d.provider.DiscoveryJerseyProvider   : Using JSON encoding codec LegacyJacksonJson
2024-02-15T13:36:15.847+05:30  INFO 10864 --- [main] c.n.d.provider.DiscoveryJerseyProvider   : Using JSON decoding codec LegacyJacksonJson
2024-02-15T13:36:15.848+05:30  INFO 10864 --- [main] c.n.d.provider.DiscoveryJerseyProvider   : Using XML encoding codec XStreamXml
2024-02-15T13:36:15.848+05:30  INFO 10864 --- [main] c.n.d.provider.DiscoveryJerseyProvider   : Using XML decoding codec XStreamXml
2024-02-15T13:36:15.982+05:30  INFO 10864 --- [main] c.n.eureka.cluster.PeerEurekaNodes       : Replica node URL:  http://localhost:8761/eureka/
2024-02-15T13:36:15.993+05:30  INFO 10864 --- [main] c.n.e.registry.AbstractInstanceRegistry  : Finished initializing remote region registries. All known remote regions: []
2024-02-15T13:36:15.995+05:30  INFO 10864 --- [main] c.n.eureka.DefaultEurekaServerContext    : Initialized
2024-02-15T13:36:16.018+05:30  INFO 10864 --- [main] o.s.b.a.e.web.EndpointLinksResolver      : Exposing 1 endpoint(s) beneath base path '/actuator'
2024-02-15T13:36:16.100+05:30  INFO 10864 --- [main] o.s.c.n.e.s.EurekaServiceRegistry        : Registering application UNKNOWN with eureka with status UP
2024-02-15T13:36:16.119+05:30  INFO 10864 --- [Thread-9] o.s.c.n.e.server.EurekaServerBootstrap   : isAws returned false
2024-02-15T13:36:16.121+05:30  INFO 10864 --- [Thread-9] o.s.c.n.e.server.EurekaServerBootstrap   : Initialized server context
2024-02-15T13:36:16.123+05:30  INFO 10864 --- [Thread-9] c.n.e.r.PeerAwareInstanceRegistryImpl    : Got 1 instances from neighboring DS node
2024-02-15T13:36:16.123+05:30  INFO 10864 --- [Thread-9] c.n.e.r.PeerAwareInstanceRegistryImpl    : Renew threshold is: 1
2024-02-15T13:36:16.124+05:30  INFO 10864 --- [Thread-9] c.n.e.r.PeerAwareInstanceRegistryImpl    : Changing status to UP
2024-02-15T13:36:16.139+05:30  INFO 10864 --- [Thread-9] e.s.EurekaServerInitializerConfiguration : Started Eureka Server
2024-02-15T13:36:16.152+05:30  INFO 10864 --- [main] o.s.b.w.embedded.tomcat.TomcatWebServer  : Tomcat started on port 8761 (http) with context path ''
2024-02-15T13:36:16.154+05:30  INFO 10864 --- [main] .s.c.n.e.s.EurekaAutoServiceRegistration : Updating port to 8761
2024-02-15T13:36:16.215+05:30  INFO 10864 --- [main] c.m.c.RegistryApplication                : Started RegistryApplication in 13.912 seconds (process running for 15.061)
2024-02-15T13:36:35.071+05:30  INFO 10864 --- [http-nio-8761-exec-1] o.a.c.c.C.[Tomcat].[localhost].[/]       : Initializing Spring DispatcherServlet 'dispatcherServlet'
2024-02-15T13:36:35.072+05:30  INFO 10864 --- [http-nio-8761-exec-1] o.s.web.servlet.DispatcherServlet        : Initializing Servlet 'dispatcherServlet'
2024-02-15T13:36:35.075+05:30  INFO 10864 --- [http-nio-8761-exec-1] o.s.web.servlet.DispatcherServlet        : Completed initialization in 3 ms
2024-02-15T13:36:35.613+05:30  INFO 10864 --- [http-nio-8761-exec-2] c.n.e.registry.AbstractInstanceRegistry  : Registered instance CMS-API-GATEWAY-SERVICE/W10PNTHNXTDG23.mavericsystems.lan:CMS-API-GATEWAY-SERVICE:8091 with status UP (replication=false)
2024-02-15T13:36:36.325+05:30  INFO 10864 --- [http-nio-8761-exec-3] c.n.e.registry.AbstractInstanceRegistry  : Registered instance CMS-API-GATEWAY-SERVICE/W10PNTHNXTDG23.mavericsystems.lan:CMS-API-GATEWAY-SERVICE:8091 with status UP (replication=true)
2024-02-15T13:36:49.318+05:30  INFO 10864 --- [http-nio-8761-exec-5] c.n.e.registry.AbstractInstanceRegistry  : Registered instance CMS_LOGIN/W10PNTHNXTDG23.mavericsystems.lan:cms_login:8087 with status UP (replication=false)
2024-02-15T13:36:49.830+05:30  INFO 10864 --- [http-nio-8761-exec-6] c.n.e.registry.AbstractInstanceRegistry  : Registered instance CMS_LOGIN/W10PNTHNXTDG23.mavericsystems.lan:cms_login:8087 with status UP (replication=true)
2024-02-15T13:37:16.125+05:30  INFO 10864 --- [Eureka-EvictionTimer] c.n.e.registry.AbstractInstanceRegistry  : Running the evict task with compensationTime 0ms
2024-02-15T13:37:25.185+05:30  INFO 10864 --- [http-nio-8761-exec-4] c.n.e.registry.AbstractInstanceRegistry  : Registered instance CMS_AGENT_DETAILS/W10PNTHNXTDG23.mavericsystems.lan:cms_agent_details:8085 with status UP (replication=false)
2024-02-15T13:37:25.705+05:30  INFO 10864 --- [http-nio-8761-exec-5] c.n.e.registry.AbstractInstanceRegistry  : Registered instance CMS_AGENT_DETAILS/W10PNTHNXTDG23.mavericsystems.lan:cms_agent_details:8085 with status UP (replication=true)
2024-02-15T13:38:16.126+05:30  INFO 10864 --- [Eureka-EvictionTimer] c.n.e.registry.AbstractInstanceRegistry  : Running the evict task with compensationTime 0ms
2024-02-15T13:39:16.126+05:30  INFO 10864 --- [Eureka-EvictionTimer] c.n.e.registry.AbstractInstanceRegistry  : Running the evict task with compensationTime 0ms
2024-02-15T13:40:16.127+05:30  INFO 10864 --- [Eureka-EvictionTimer] c.n.e.registry.AbstractInstanceRegistry  : Running the evict task with compensationTime 0ms
2024-02-15T13:41:16.128+05:30  INFO 10864 --- [Eureka-EvictionTimer] c.n.e.registry.AbstractInstanceRegistry  : Running the evict task with compensationTime 0ms
2024-02-15T13:42:16.128+05:30  INFO 10864 --- [Eureka-EvictionTimer] c.n.e.registry.AbstractInstanceRegistry  : Running the evict task with compensationTime 0ms
2024-02-15T13:43:16.129+05:30  INFO 10864 --- [Eureka-EvictionTimer] c.n.e.registry.AbstractInstanceRegistry  : Running the evict task with compensationTime 0ms
2024-02-15T13:44:16.130+05:30  INFO 10864 --- [Eureka-EvictionTimer] c.n.e.registry.AbstractInstanceRegistry  : Running the evict task with compensationTime 0ms
2024-02-15T13:45:16.130+05:30  INFO 10864 --- [Eureka-EvictionTimer] c.n.e.registry.AbstractInstanceRegistry  : Running the evict task with compensationTime 0ms
2024-02-15T13:46:16.131+05:30  INFO 10864 --- [Eureka-EvictionTimer] c.n.e.registry.AbstractInstanceRegistry  : Running the evict task with compensationTime 0ms
2024-02-15T13:47:16.133+05:30  INFO 10864 --- [Eureka-EvictionTimer] c.n.e.registry.AbstractInstanceRegistry  : Running the evict task with compensationTime 0ms
2024-02-15T13:48:16.133+05:30  INFO 10864 --- [Eureka-EvictionTimer] c.n.e.registry.AbstractInstanceRegistry  : Running the evict task with compensationTime 0ms
2024-02-15T13:49:16.133+05:30  INFO 10864 --- [Eureka-EvictionTimer] c.n.e.registry.AbstractInstanceRegistry  : Running the evict task with compensationTime 0ms
2024-02-15T13:50:16.134+05:30  INFO 10864 --- [Eureka-EvictionTimer] c.n.e.registry.AbstractInstanceRegistry  : Running the evict task with compensationTime 0ms
2024-02-15T13:51:15.997+05:30  INFO 10864 --- [ReplicaAwareInstanceRegistry - RenewalThresholdUpdater] c.n.e.r.PeerAwareInstanceRegistryImpl    : Current renewal threshold is : 6
2024-02-15T13:51:16.135+05:30  INFO 10864 --- [Eureka-EvictionTimer] c.n.e.registry.AbstractInstanceRegistry  : Running the evict task with compensationTime 0ms
2024-02-15T13:52:16.147+05:30  INFO 10864 --- [Eureka-EvictionTimer] c.n.e.registry.AbstractInstanceRegistry  : Running the evict task with compensationTime 12ms
2024-02-15T13:53:16.147+05:30  INFO 10864 --- [Eureka-EvictionTimer] c.n.e.registry.AbstractInstanceRegistry  : Running the evict task with compensationTime 0ms
2024-02-15T13:54:16.148+05:30  INFO 10864 --- [Eureka-EvictionTimer] c.n.e.registry.AbstractInstanceRegistry  : Running the evict task with compensationTime 0ms
2024-02-15T13:55:16.156+05:30  INFO 10864 --- [Eureka-EvictionTimer] c.n.e.registry.AbstractInstanceRegistry  : Running the evict task with compensationTime 8ms
2024-02-15T13:56:16.156+05:30  INFO 10864 --- [Eureka-EvictionTimer] c.n.e.registry.AbstractInstanceRegistry  : Running the evict task with compensationTime 0ms
2024-02-15T13:57:16.157+05:30  INFO 10864 --- [Eureka-EvictionTimer] c.n.e.registry.AbstractInstanceRegistry  : Running the evict task with compensationTime 0ms
2024-02-15T13:58:16.158+05:30  INFO 10864 --- [Eureka-EvictionTimer] c.n.e.registry.AbstractInstanceRegistry  : Running the evict task with compensationTime 0ms
2024-02-15T13:59:16.166+05:30  INFO 10864 --- [Eureka-EvictionTimer] c.n.e.registry.AbstractInstanceRegistry  : Running the evict task with compensationTime 8ms
2024-02-15T14:00:16.167+05:30  INFO 10864 --- [Eureka-EvictionTimer] c.n.e.registry.AbstractInstanceRegistry  : Running the evict task with compensationTime 0ms
2024-02-15T14:01:16.181+05:30  INFO 10864 --- [Eureka-EvictionTimer] c.n.e.registry.AbstractInstanceRegistry  : Running the evict task with compensationTime 13ms
2024-02-15T14:02:16.181+05:30  INFO 10864 --- [Eureka-EvictionTimer] c.n.e.registry.AbstractInstanceRegistry  : Running the evict task with compensationTime 0ms
2024-02-15T14:03:16.182+05:30  INFO 10864 --- [Eureka-EvictionTimer] c.n.e.registry.AbstractInstanceRegistry  : Running the evict task with compensationTime 0ms
2024-02-15T14:04:16.183+05:30  INFO 10864 --- [Eureka-EvictionTimer] c.n.e.registry.AbstractInstanceRegistry  : Running the evict task with compensationTime 0ms
2024-02-15T14:05:16.189+05:30  INFO 10864 --- [Eureka-EvictionTimer] c.n.e.registry.AbstractInstanceRegistry  : Running the evict task with compensationTime 5ms
2024-02-15T14:06:16.002+05:30  INFO 10864 --- [ReplicaAwareInstanceRegistry - RenewalThresholdUpdater] c.n.e.r.PeerAwareInstanceRegistryImpl    : Current renewal threshold is : 6
2024-02-15T14:06:16.189+05:30  INFO 10864 --- [Eureka-EvictionTimer] c.n.e.registry.AbstractInstanceRegistry  : Running the evict task with compensationTime 0ms
2024-02-15T14:07:16.200+05:30  INFO 10864 --- [Eureka-EvictionTimer] c.n.e.registry.AbstractInstanceRegistry  : Running the evict task with compensationTime 10ms
2024-02-15T14:08:16.201+05:30  INFO 10864 --- [Eureka-EvictionTimer] c.n.e.registry.AbstractInstanceRegistry  : Running the evict task with compensationTime 0ms
2024-02-15T14:09:16.201+05:30  INFO 10864 --- [Eureka-EvictionTimer] c.n.e.registry.AbstractInstanceRegistry  : Running the evict task with compensationTime 0ms
2024-02-15T14:10:16.202+05:30  INFO 10864 --- [Eureka-EvictionTimer] c.n.e.registry.AbstractInstanceRegistry  : Running the evict task with compensationTime 0ms
2024-02-15T14:11:16.210+05:30  INFO 10864 --- [Eureka-EvictionTimer] c.n.e.registry.AbstractInstanceRegistry  : Running the evict task with compensationTime 8ms
2024-02-15T14:12:16.210+05:30  INFO 10864 --- [Eureka-EvictionTimer] c.n.e.registry.AbstractInstanceRegistry  : Running the evict task with compensationTime 0ms
2024-02-15T14:13:16.219+05:30  INFO 10864 --- [Eureka-EvictionTimer] c.n.e.registry.AbstractInstanceRegistry  : Running the evict task with compensationTime 8ms
2024-02-15T14:14:16.219+05:30  INFO 10864 --- [Eureka-EvictionTimer] c.n.e.registry.AbstractInstanceRegistry  : Running the evict task with compensationTime 0ms
2024-02-15T14:15:16.219+05:30  INFO 10864 --- [Eureka-EvictionTimer] c.n.e.registry.AbstractInstanceRegistry  : Running the evict task with compensationTime 0ms
2024-02-15T14:16:16.235+05:30  INFO 10864 --- [Eureka-EvictionTimer] c.n.e.registry.AbstractInstanceRegistry  : Running the evict task with compensationTime 14ms
2024-02-15T14:17:16.246+05:30  INFO 10864 --- [Eureka-EvictionTimer] c.n.e.registry.AbstractInstanceRegistry  : Running the evict task with compensationTime 11ms
2024-02-15T14:18:16.246+05:30  INFO 10864 --- [Eureka-EvictionTimer] c.n.e.registry.AbstractInstanceRegistry  : Running the evict task with compensationTime 0ms
2024-02-15T14:19:16.247+05:30  INFO 10864 --- [Eureka-EvictionTimer] c.n.e.registry.AbstractInstanceRegistry  : Running the evict task with compensationTime 0ms
2024-02-15T14:20:16.263+05:30  INFO 10864 --- [Eureka-EvictionTimer] c.n.e.registry.AbstractInstanceRegistry  : Running the evict task with compensationTime 15ms
2024-02-15T14:20:26.038+05:30  INFO 10864 --- [http-nio-8761-exec-10] c.n.e.registry.AbstractInstanceRegistry  : Registered instance CMS_AGENT_DETAILS/W10PNTHNXTDG23.mavericsystems.lan:cms_agent_details:8085 with status DOWN (replication=false)
2024-02-15T14:20:26.555+05:30  INFO 10864 --- [http-nio-8761-exec-7] c.n.e.registry.AbstractInstanceRegistry  : Registered instance CMS_AGENT_DETAILS/W10PNTHNXTDG23.mavericsystems.lan:cms_agent_details:8085 with status DOWN (replication=true)
2024-02-15T14:20:29.075+05:30  INFO 10864 --- [http-nio-8761-exec-4] c.n.e.registry.AbstractInstanceRegistry  : Cancelled instance CMS_AGENT_DETAILS/W10PNTHNXTDG23.mavericsystems.lan:cms_agent_details:8085 (replication=false)
2024-02-15T14:20:29.578+05:30  WARN 10864 --- [http-nio-8761-exec-5] c.n.e.registry.AbstractInstanceRegistry  : DS: Registry: cancel failed because Lease is not registered for: CMS_AGENT_DETAILS/W10PNTHNXTDG23.mavericsystems.lan:cms_agent_details:8085
2024-02-15T14:20:29.579+05:30  INFO 10864 --- [http-nio-8761-exec-5] c.n.eureka.resources.InstanceResource    : Not Found (Cancel): CMS_AGENT_DETAILS - W10PNTHNXTDG23.mavericsystems.lan:cms_agent_details:8085
2024-02-15T14:20:29.580+05:30  WARN 10864 --- [TaskBatchingWorker-target_localhost-12] c.n.eureka.cluster.ReplicationTask       : The replication of task CMS_AGENT_DETAILS/W10PNTHNXTDG23.mavericsystems.lan:cms_agent_details:8085:Cancel@localhost failed with response code 404
2024-02-15T14:20:29.581+05:30  WARN 10864 --- [TaskBatchingWorker-target_localhost-12] c.netflix.eureka.cluster.PeerEurekaNode  : CMS_AGENT_DETAILS/W10PNTHNXTDG23.mavericsystems.lan:cms_agent_details:8085:Cancel@localhost: missing entry.
2024-02-15T14:21:16.007+05:30  INFO 10864 --- [ReplicaAwareInstanceRegistry - RenewalThresholdUpdater] c.n.e.r.PeerAwareInstanceRegistryImpl    : Current renewal threshold is : 5
2024-02-15T14:21:16.263+05:30  INFO 10864 --- [Eureka-EvictionTimer] c.n.e.registry.AbstractInstanceRegistry  : Running the evict task with compensationTime 0ms
2024-02-15T14:22:16.278+05:30  INFO 10864 --- [Eureka-EvictionTimer] c.n.e.registry.AbstractInstanceRegistry  : Running the evict task with compensationTime 14ms
2024-02-15T14:23:16.279+05:30  INFO 10864 --- [Eureka-EvictionTimer] c.n.e.registry.AbstractInstanceRegistry  : Running the evict task with compensationTime 0ms
2024-02-15T14:24:16.280+05:30  INFO 10864 --- [Eureka-EvictionTimer] c.n.e.registry.AbstractInstanceRegistry  : Running the evict task with compensationTime 0ms
2024-02-15T14:25:16.284+05:30  INFO 10864 --- [Eureka-EvictionTimer] c.n.e.registry.AbstractInstanceRegistry  : Running the evict task with compensationTime 4ms
2024-02-15T14:26:16.285+05:30  INFO 10864 --- [Eureka-EvictionTimer] c.n.e.registry.AbstractInstanceRegistry  : Running the evict task with compensationTime 0ms
2024-02-15T14:27:16.289+05:30  INFO 10864 --- [Eureka-EvictionTimer] c.n.e.registry.AbstractInstanceRegistry  : Running the evict task with compensationTime 3ms
2024-02-15T14:28:16.289+05:30  INFO 10864 --- [Eureka-EvictionTimer] c.n.e.registry.AbstractInstanceRegistry  : Running the evict task with compensationTime 0ms
2024-02-15T14:28:55.956+05:30  INFO 10864 --- [SpringApplicationShutdownHook] o.s.c.n.e.s.EurekaServiceRegistry        : Unregistering application UNKNOWN with eureka with status DOWN
2024-02-15T14:28:55.973+05:30  INFO 10864 --- [SpringApplicationShutdownHook] o.s.c.n.e.server.EurekaServerBootstrap   : Shutting down Eureka Server..
2024-02-15T14:28:55.979+05:30  INFO 10864 --- [SpringApplicationShutdownHook] c.n.eureka.DefaultEurekaServerContext    : Shutting down ...
2024-02-15T14:28:55.981+05:30  INFO 10864 --- [SpringApplicationShutdownHook] com.netflix.servo.monitor.StatsMonitor   : Attempting to get the value for an expired monitor: eurekaServer.replication.batchSize.Will start computing stats again.
2024-02-15T14:28:55.983+05:30  INFO 10864 --- [SpringApplicationShutdownHook] com.netflix.servo.monitor.StatsMonitor   : Attempting to get the value for an expired monitor: eurekaServer.replication.executionTime.Will start computing stats again.
2024-02-15T14:28:55.990+05:30  INFO 10864 --- [SpringApplicationShutdownHook] com.netflix.servo.monitor.StatsMonitor   : Attempting to get the value for an expired monitor: eurekaServer.replication.executionTime.Will start computing stats again.
2024-02-15T14:28:55.992+05:30  INFO 10864 --- [SpringApplicationShutdownHook] com.netflix.servo.monitor.StatsMonitor   : Attempting to get the value for an expired monitor: eurekaServer.replication.batchSize.Will start computing stats again.
2024-02-15T14:28:55.996+05:30 ERROR 10864 --- [Eureka-Jersey3Client-Conn-Cleaner2] c.n.d.s.t.j.EurekaJersey3ClientImpl      : Cannot clean connections

java.lang.IllegalStateException: Client instance has been closed.
	at org.glassfish.jersey.internal.guava.Preconditions.checkState(Preconditions.java:169) ~[jersey-common-3.1.5.jar:na]
	at org.glassfish.jersey.client.JerseyClient.checkNotClosed(JerseyClient.java:248) ~[jersey-client-3.1.5.jar:na]
	at org.glassfish.jersey.client.JerseyClient.getConfiguration(JerseyClient.java:363) ~[jersey-client-3.1.5.jar:na]
	at org.glassfish.jersey.client.JerseyClient.getConfiguration(JerseyClient.java:54) ~[jersey-client-3.1.5.jar:na]
	at com.netflix.discovery.shared.transport.jersey3.EurekaJersey3ClientImpl$ConnectionCleanerTask.run(EurekaJersey3ClientImpl.java:347) ~[eureka-client-jersey3-2.0.1.jar:2.0.1]
	at java.base/java.util.concurrent.Executors$RunnableAdapter.call(Executors.java:539) ~[na:na]
	at java.base/java.util.concurrent.FutureTask.run(FutureTask.java:264) ~[na:na]
	at java.base/java.util.concurrent.ScheduledThreadPoolExecutor$ScheduledFutureTask.run(ScheduledThreadPoolExecutor.java:304) ~[na:na]
	at java.base/java.util.concurrent.ThreadPoolExecutor.runWorker(ThreadPoolExecutor.java:1136) ~[na:na]
	at java.base/java.util.concurrent.ThreadPoolExecutor$Worker.run(ThreadPoolExecutor.java:635) ~[na:na]
	at java.base/java.lang.Thread.run(Thread.java:842) ~[na:na]

2024-02-15T14:28:56.039+05:30  INFO 10864 --- [SpringApplicationShutdownHook] c.n.eureka.DefaultEurekaServerContext    : Shut down
2024-02-15T14:28:56.039+05:30  INFO 10864 --- [SpringApplicationShutdownHook] o.s.c.n.e.server.EurekaServerBootstrap   : Eureka Service is now shutdown...
2024-02-15T14:28:56.040+05:30  INFO 10864 --- [SpringApplicationShutdownHook] c.n.eureka.DefaultEurekaServerContext    : Shutting down ...
2024-02-15T14:28:56.046+05:30  INFO 10864 --- [SpringApplicationShutdownHook] c.n.eureka.DefaultEurekaServerContext    : Shut down
2024-02-15T14:28:56.054+05:30  INFO 10864 --- [SpringApplicationShutdownHook] com.netflix.discovery.DiscoveryClient    : Shutting down DiscoveryClient ...
2024-02-15T14:28:56.059+05:30  INFO 10864 --- [SpringApplicationShutdownHook] com.netflix.discovery.DiscoveryClient    : Completed shut down of DiscoveryClient
