#
# There is insufficient memory for the Java Runtime Environment to continue.
# Native memory allocation (mmap) failed to map 268435456 bytes for G1 virtual space
# Possible reasons:
#   The system is out of physical RAM or swap space
#   The process is running with CompressedOops enabled, and the Java Heap may be blocking the growth of the native heap
# Possible solutions:
#   Reduce memory load on the system
#   Increase physical memory or swap space
#   Check if swap backing store is full
#   Decrease Java heap size (-Xmx/-Xms)
#   Decrease number of Java threads
#   Decrease Java thread stack sizes (-Xss)
#   Set larger code cache with -XX:ReservedCodeCacheSize=
#   JVM is running with Zero Based Compressed Oops mode in which the Java heap is
#     placed in the first 32GB address space. The Java Heap base address is the
#     maximum limit for the native heap growth. Please use -XX:HeapBaseMinAddress
#     to set the Java Heap base and to place the Java Heap above 32GB virtual address.
# This output file may be truncated or incomplete.
#
#  Out of Memory Error (os_windows.cpp:3825), pid=252, tid=14388
#
# JRE version:  (17.0.9+7) (build )
# Java VM: OpenJDK 64-Bit Server VM (17.0.9+7-b1000.46, mixed mode, sharing, tiered, compressed oops, compressed class ptrs, g1 gc, windows-amd64)
# No core dump will be written. Minidumps are not enabled by default on client versions of Windows
#

---------------  S U M M A R Y ------------

Command Line: git4idea.http.GitAskPassApp Username for 'http://172.16.238.105:9090': 

Host: Intel(R) Xeon(R) Gold 5220R CPU @ 2.20GHz, 4 cores, 15G,  Windows 10 , 64 bit Build 19041 (10.0.19041.3636)
Time: Thu Feb  8 16:20:33 2024 India Standard Time elapsed time: 0.019273 seconds (0d 0h 0m 0s)

---------------  T H R E A D  ---------------

Current thread (0x000001a1a7a20ae0):  JavaThread "Unknown thread" [_thread_in_vm, id=14388, stack(0x0000005caa400000,0x0000005caa500000)]

Stack: [0x0000005caa400000,0x0000005caa500000]
Native frames: (J=compiled Java code, j=interpreted, Vv=VM code, C=native code)
V  [jvm.dll+0x6886e9]
V  [jvm.dll+0x841e4a]
V  [jvm.dll+0x843a8e]
V  [jvm.dll+0x8440f3]
V  [jvm.dll+0x24c14f]
V  [jvm.dll+0x685499]
V  [jvm.dll+0x679c2a]
V  [jvm.dll+0x30cf9b]
V  [jvm.dll+0x314446]
V  [jvm.dll+0x36425e]
V  [jvm.dll+0x36448f]
V  [jvm.dll+0x2e2d68]
V  [jvm.dll+0x2e3cd4]
V  [jvm.dll+0x8129f1]
V  [jvm.dll+0x3720c1]
V  [jvm.dll+0x7f152c]
V  [jvm.dll+0x3f5d4f]
V  [jvm.dll+0x3f7981]
C  [jli.dll+0x528f]
C  [ucrtbase.dll+0x21bb2]
C  [KERNEL32.DLL+0x17344]
C  [ntdll.dll+0x526b1]


---------------  P R O C E S S  ---------------

Threads class SMR info:
_java_thread_list=0x00007ffa6facef18, length=0, elements={
}

Java Threads: ( => current thread )

Other Threads:
  0x000001a1a7a8a270 GCTaskThread "GC Thread#0" [stack: 0x0000005caa500000,0x0000005caa600000] [id=18424]
  0x000001a1a7a9b080 ConcurrentGCThread "G1 Main Marker" [stack: 0x0000005caa600000,0x0000005caa700000] [id=17456]
  0x000001a1a7a9c240 ConcurrentGCThread "G1 Conc#0" [stack: 0x0000005caa700000,0x0000005caa800000] [id=20168]

[error occurred during error reporting (printing all threads), id 0xc0000005, EXCEPTION_ACCESS_VIOLATION (0xc0000005) at pc=0x00007ffa6f283937]

VM state: not at safepoint (not fully initialized)

VM Mutex/Monitor currently owned by a thread:  ([mutex/lock_event])
[0x000001a1a7a1acc0] Heap_lock - owner thread: 0x000001a1a7a20ae0

Heap address: 0x0000000701400000, size: 4076 MB, Compressed Oops mode: Zero based, Oop shift amount: 3

CDS archive(s) mapped at: [0x0000000000000000-0x0000000000000000-0x0000000000000000), size 0, SharedBaseAddress: 0x0000000800000000, ArchiveRelocationMode: 1.
Narrow klass base: 0x0000000000000000, Narrow klass shift: 0, Narrow klass range: 0x0

GC Precious Log:
<Empty>

Heap:
 garbage-first heap   total 0K, used 0K [0x0000000701400000, 0x0000000800000000)
  region size 2048K, 0 young (0K), 0 survivors (0K)
 Metaspace       used 0K, committed 0K, reserved 0K
  class space    used 0K, committed 0K, reserved 0K

Heap Regions: E=young(eden), S=young(survivor), O=old, HS=humongous(starts), HC=humongous(continues), CS=collection set, F=free, OA=open archive, CA=closed archive, TAMS=top-at-mark-start (previous, next)

Card table byte_map: [0x000001a1bc7d0000,0x000001a1bcfd0000] _byte_map_base: 0x000001a1b8fc6000

Marking Bits (Prev, Next): (CMBitMap*) 0x000001a1a7a8a890, (CMBitMap*) 0x000001a1a7a8a8d0
 Prev Bits: [0x000001a1bd7d0000, 0x000001a1c1780000)
 Next Bits: [0x000001a1c1780000, 0x000001a1c5730000)

GC Heap History (0 events):
No events

Dll operation events (1 events):
Event: 0.007 Loaded shared library C:\ThinkNXT\JetBrains\IntelliJ IDEA Community Edition 2023.2.5\jbr\bin\java.dll

Deoptimization events (0 events):
No events

Classes unloaded (0 events):
No events

Classes redefined (0 events):
No events

Internal exceptions (0 events):
No events

VM Operations (0 events):
No events

Events (0 events):
No events


Dynamic libraries:
0x00007ff70e830000 - 0x00007ff70e83a000 	C:\ThinkNXT\JetBrains\IntelliJ IDEA Community Edition 2023.2.5\jbr\bin\java.exe
0x00007ffad1510000 - 0x00007ffad1708000 	C:\Windows\SYSTEM32\ntdll.dll
0x00007ffad08b0000 - 0x00007ffad096d000 	C:\Windows\System32\KERNEL32.DLL
0x00007ffacf1c0000 - 0x00007ffacf4b6000 	C:\Windows\System32\KERNELBASE.dll
0x00007ffaced30000 - 0x00007ffacee30000 	C:\Windows\System32\ucrtbase.dll
0x00007ffabf0a0000 - 0x00007ffabf0bb000 	C:\ThinkNXT\JetBrains\IntelliJ IDEA Community Edition 2023.2.5\jbr\bin\VCRUNTIME140.dll
0x00007ffabe4f0000 - 0x00007ffabe507000 	C:\ThinkNXT\JetBrains\IntelliJ IDEA Community Edition 2023.2.5\jbr\bin\jli.dll
0x00007ffacf560000 - 0x00007ffacf6fe000 	C:\Windows\System32\USER32.dll
0x00007ffac1100000 - 0x00007ffac139a000 	C:\Windows\WinSxS\amd64_microsoft.windows.common-controls_6595b64144ccf1df_6.0.19041.3636_none_60b6a03d71f818d5\COMCTL32.dll
0x00007ffacf040000 - 0x00007ffacf062000 	C:\Windows\System32\win32u.dll
0x00007ffad03d0000 - 0x00007ffad046e000 	C:\Windows\System32\msvcrt.dll
0x00007ffad0550000 - 0x00007ffad057c000 	C:\Windows\System32\GDI32.dll
0x00007ffacf0a0000 - 0x00007ffacf1ba000 	C:\Windows\System32\gdi32full.dll
0x00007ffacf4c0000 - 0x00007ffacf55d000 	C:\Windows\System32\msvcp_win.dll
0x00007ffad1370000 - 0x00007ffad13a0000 	C:\Windows\System32\IMM32.DLL
0x00007ffabfc30000 - 0x00007ffabfc3c000 	C:\ThinkNXT\JetBrains\IntelliJ IDEA Community Edition 2023.2.5\jbr\bin\vcruntime140_1.dll
0x00007ffabbba0000 - 0x00007ffabbc2d000 	C:\ThinkNXT\JetBrains\IntelliJ IDEA Community Edition 2023.2.5\jbr\bin\msvcp140.dll
0x00007ffa6ef90000 - 0x00007ffa6fc13000 	C:\ThinkNXT\JetBrains\IntelliJ IDEA Community Edition 2023.2.5\jbr\bin\server\jvm.dll
0x00007ffad0ba0000 - 0x00007ffad0c53000 	C:\Windows\System32\ADVAPI32.dll
0x00007ffad0b00000 - 0x00007ffad0b9f000 	C:\Windows\System32\sechost.dll
0x00007ffad0dd0000 - 0x00007ffad0ef6000 	C:\Windows\System32\RPCRT4.dll
0x00007ffacf070000 - 0x00007ffacf097000 	C:\Windows\System32\bcrypt.dll
0x00007ffacea40000 - 0x00007ffacea8b000 	C:\Windows\SYSTEM32\POWRPROF.dll
0x00007ffac13a0000 - 0x00007ffac13a9000 	C:\Windows\SYSTEM32\WSOCK32.dll
0x00007ffad0610000 - 0x00007ffad067b000 	C:\Windows\System32\WS2_32.dll
0x00007ffabacf0000 - 0x00007ffabad17000 	C:\Windows\SYSTEM32\WINMM.dll
0x00007ffac7a40000 - 0x00007ffac7a4a000 	C:\Windows\SYSTEM32\VERSION.dll
0x00007ffacea20000 - 0x00007ffacea32000 	C:\Windows\SYSTEM32\UMPDC.dll
0x00007ffacc7c0000 - 0x00007ffacc7d2000 	C:\Windows\SYSTEM32\kernel.appcore.dll
0x00007ffac88e0000 - 0x00007ffac88ea000 	C:\ThinkNXT\JetBrains\IntelliJ IDEA Community Edition 2023.2.5\jbr\bin\jimage.dll
0x00007ffac8a90000 - 0x00007ffac8c74000 	C:\Windows\SYSTEM32\DBGHELP.DLL
0x00007ffac8960000 - 0x00007ffac8994000 	C:\Windows\SYSTEM32\dbgcore.DLL
0x00007ffacebe0000 - 0x00007ffacec62000 	C:\Windows\System32\bcryptPrimitives.dll
0x00007ffac3590000 - 0x00007ffac35b5000 	C:\ThinkNXT\JetBrains\IntelliJ IDEA Community Edition 2023.2.5\jbr\bin\java.dll

dbghelp: loaded successfully - version: 4.0.5 - missing functions: none
symbol engine: initialized successfully - sym options: 0x614 - pdb path: .;C:\ThinkNXT\JetBrains\IntelliJ IDEA Community Edition 2023.2.5\jbr\bin;C:\Windows\SYSTEM32;C:\Windows\WinSxS\amd64_microsoft.windows.common-controls_6595b64144ccf1df_6.0.19041.3636_none_60b6a03d71f818d5;C:\ThinkNXT\JetBrains\IntelliJ IDEA Community Edition 2023.2.5\jbr\bin\server

VM Arguments:
java_command: git4idea.http.GitAskPassApp Username for 'http://172.16.238.105:9090': 
java_class_path (initial): C:/ThinkNXT/JetBrains/IntelliJ IDEA Community Edition 2023.2.5/plugins/vcs-git/lib/git4idea-rt.jar;C:/ThinkNXT/JetBrains/IntelliJ IDEA Community Edition 2023.2.5/lib/externalProcess-rt.jar
Launcher Type: SUN_STANDARD

[Global flags]
     intx CICompilerCount                          = 3                                         {product} {ergonomic}
     uint ConcGCThreads                            = 1                                         {product} {ergonomic}
     uint G1ConcRefinementThreads                  = 4                                         {product} {ergonomic}
   size_t G1HeapRegionSize                         = 2097152                                   {product} {ergonomic}
    uintx GCDrainStackTargetSize                   = 64                                        {product} {ergonomic}
   size_t InitialHeapSize                          = 268435456                                 {product} {ergonomic}
   size_t MarkStackSize                            = 4194304                                   {product} {ergonomic}
   size_t MaxHeapSize                              = 4273995776                                {product} {ergonomic}
   size_t MinHeapDeltaBytes                        = 2097152                                   {product} {ergonomic}
   size_t MinHeapSize                              = 8388608                                   {product} {ergonomic}
    uintx NonNMethodCodeHeapSize                   = 5832780                                {pd product} {ergonomic}
    uintx NonProfiledCodeHeapSize                  = 122912730                              {pd product} {ergonomic}
    uintx ProfiledCodeHeapSize                     = 122912730                              {pd product} {ergonomic}
    uintx ReservedCodeCacheSize                    = 251658240                              {pd product} {ergonomic}
     bool SegmentedCodeCache                       = true                                      {product} {ergonomic}
   size_t SoftMaxHeapSize                          = 4273995776                             {manageable} {ergonomic}
     bool UseCompressedClassPointers               = true                           {product lp64_product} {ergonomic}
     bool UseCompressedOops                        = true                           {product lp64_product} {ergonomic}
     bool UseG1GC                                  = true                                      {product} {ergonomic}
     bool UseLargePagesIndividualAllocation        = false                                  {pd product} {ergonomic}

Logging:
Log output configuration:
 #0: stdout all=warning uptime,level,tags
 #1: stderr all=off uptime,level,tags

Environment Variables:
PATH=C:\Users\asishg\AppData\Local\Programs\Git\mingw64\libexec\git-core;C:\Users\asishg\AppData\Local\Programs\Git\mingw64\libexec\git-core;C:\Users\asishg\AppData\Local\Programs\Git\mingw64\bin;C:\Users\asishg\AppData\Local\Programs\Git\usr\bin;C:\Users\asishg\bin;C:\Program Files\Common Files\Oracle\Java\javapath;C:\Windows\system32;C:\Windows;C:\Windows\System32\Wbem;C:\Windows\System32\WindowsPowerShell\v1.0;C:\Windows\System32\OpenSSH;C:\ThinkNXT\Microsoft VS Code\bin;C:\Users\asishg\AppData\Local\Microsoft\WindowsApps;C:\Users\asishg\AppData\Local\Programs\Git\cmd;C:\Users\asishg\Documents\Softwares\node-v21.4.0-win-x64;C:\Users\asishg\Documents\Softwares\apache-maven-3.9.5\bin
USERNAME=asishg
DISPLAY=:0.0
LC_ALL=en_US.UTF-8
TERM=xterm-256color
TMPDIR=C:\Users\asishg\AppData\Local\Temp
OS=Windows_NT
PROCESSOR_IDENTIFIER=Intel64 Family 15 Model 6 Stepping 1, GenuineIntel
TMP=C:\Users\asishg\AppData\Local\Temp
TEMP=C:\Users\asishg\AppData\Local\Temp



Periodic native trim disabled

JNI global refs:
JNI global refs: 0, weak refs: 0

JNI global refs memory usage: 0, weak refs: 0

OOME stack traces (most recent first):
Classloader memory used:


---------------  S Y S T E M  ---------------

OS:
 Windows 10 , 64 bit Build 19041 (10.0.19041.3636)
OS uptime: 28 days 21:12 hours
KVM virtualization detected

CPU: total 4 (initial active 4) (2 cores per cpu, 1 threads per core) family 15 model 6 stepping 1 microcode 0x1, cx8, cmov, fxsr, mmx, 3dnowpref, sse, sse2, sse3, ssse3, sse4.1, sse4.2, popcnt, lzcnt, tsc, avx, avx2, aes, erms, clmul, bmi1, bmi2, adx, avx512f, avx512dq, avx512cd, avx512bw, avx512vl, fma, vzeroupper, avx512_vnni, clflush, clflushopt, clwb, hv
Processor Information for all 4 processors :
  Max Mhz: 2200, Current Mhz: 2200, Mhz Limit: 2200

Memory: 4k page, system-wide physical 16299M (4196M free)
TotalPageFile size 26459M (AvailPageFile size 237M)
current process WorkingSet (physical memory assigned to process): 11M, peak: 11M
current process commit charge ("private bytes"): 52M, peak: 307M

vm_info: OpenJDK 64-Bit Server VM (17.0.9+7-b1000.46) for windows-amd64 JRE (17.0.9+7-b1000.46), built on 2023-10-27 by "builduser" with MS VC++ 16.10 / 16.11 (VS2019)

END.
